/data/home/yemingzhi/miniconda3/envs/env36/lib/python3.6/site-packages/gymnasium/core.py:27: UserWarning: [33mWARN: Gymnasium minimally supports python 3.6 as the python foundation not longer supports the version, please update your version to 3.7+[0m
  "Gymnasium minimally supports python 3.6 as the python foundation not longer supports the version, please update your version to 3.7+"
choose to use cpu...
/data/home/yemingzhi/miniconda3/envs/env36/lib/python3.6/site-packages/gym/spaces/box.py:74: UserWarning: [33mWARN: Box bound precision lowered by casting to float32[0m
  "Box bound precision lowered by casting to {}".format(self.dtype)

 Load selfplay opponents: Algo hsp, num_opponents 5.

Directory watcher advancing from log/5_vs_5/hsp/events.out.tfevents.1682148681.DESKTOP-9GJRR67.2324.0 to log/5_vs_5/hsp/events.out.tfevents.1682167701.DESKTOP-9GJRR67.14684.0
Directory watcher advancing from log/5_vs_5/hsp/events.out.tfevents.1682167701.DESKTOP-9GJRR67.14684.0 to log/5_vs_5/hsp/events.out.tfevents.1682177425.amax.43688.0
No path found after log/5_vs_5/hsp/events.out.tfevents.1682177425.amax.43688.0
already trained 1394 episodes

 updates 1395/4000 episodes, total num timesteps 13960000/40000000, FPS 349.

average episode rewards is -0.8146341835580221

 updates 1396/4000 episodes, total num timesteps 13970000/40000000, FPS 356.

average episode rewards is -0.465853667840725

Start test...

End test...

 updates 1397/4000 episodes, total num timesteps 13980000/40000000, FPS 368.

average episode rewards is 0.1951219395893376

 updates 1398/4000 episodes, total num timesteps 13990000/40000000, FPS 375.

average episode rewards is -0.03658536294611489

 updates 1399/4000 episodes, total num timesteps 14000000/40000000, FPS 370.

average episode rewards is -0.1804878072040837

 updates 1400/4000 episodes, total num timesteps 14010000/40000000, FPS 372.

average episode rewards is -0.0560975598125923

Start test...

End test...

 updates 1401/4000 episodes, total num timesteps 14020000/40000000, FPS 347.

average episode rewards is -0.09999999767396509

 updates 1402/4000 episodes, total num timesteps 14030000/40000000, FPS 353.

average episode rewards is 0.1243902415764041

 updates 1403/4000 episodes, total num timesteps 14040000/40000000, FPS 365.

average episode rewards is -0.20487803947634814

 updates 1404/4000 episodes, total num timesteps 14050000/40000000, FPS 345.

average episode rewards is 0.1390243855918326

Start test...

End test...

 updates 1405/4000 episodes, total num timesteps 14060000/40000000, FPS 342.

average episode rewards is 0.1536585412374357

 updates 1406/4000 episodes, total num timesteps 14070000/40000000, FPS 341.

average episode rewards is -0.22682927294475277

 updates 1407/4000 episodes, total num timesteps 14080000/40000000, FPS 344.

average episode rewards is 0.23170731707317074

 updates 1408/4000 episodes, total num timesteps 14090000/40000000, FPS 340.

average episode rewards is 0.004878044128417969

Start test...

End test...

 updates 1409/4000 episodes, total num timesteps 14100000/40000000, FPS 344.

average episode rewards is 0.23170734033351992

 updates 1410/4000 episodes, total num timesteps 14110000/40000000, FPS 339.

average episode rewards is 0.04390243204628549

 updates 1411/4000 episodes, total num timesteps 14120000/40000000, FPS 358.

average episode rewards is -0.13414636472376382

 updates 1412/4000 episodes, total num timesteps 14130000/40000000, FPS 359.

average episode rewards is 0.23902439489597227

Start test...

End test...

 updates 1413/4000 episodes, total num timesteps 14140000/40000000, FPS 387.

average episode rewards is 0.27317072705524725

 updates 1414/4000 episodes, total num timesteps 14150000/40000000, FPS 400.

average episode rewards is -0.0048780557585925595

 updates 1415/4000 episodes, total num timesteps 14160000/40000000, FPS 399.

average episode rewards is 0.06097561557118485

 updates 1416/4000 episodes, total num timesteps 14170000/40000000, FPS 358.

average episode rewards is 0.3756097700537705

Start test...

End test...

 updates 1417/4000 episodes, total num timesteps 14180000/40000000, FPS 376.

average episode rewards is 0.1951219512195122

 updates 1418/4000 episodes, total num timesteps 14190000/40000000, FPS 384.

average episode rewards is 0.08048780953011862

 updates 1419/4000 episodes, total num timesteps 14200000/40000000, FPS 378.

average episode rewards is -0.07804878165082234

 updates 1420/4000 episodes, total num timesteps 14210000/40000000, FPS 376.

average episode rewards is 0.33170732637731043

Start test...

End test...

 updates 1421/4000 episodes, total num timesteps 14220000/40000000, FPS 373.

average episode rewards is 0.15853659699602826

 updates 1422/4000 episodes, total num timesteps 14230000/40000000, FPS 383.

average episode rewards is 0.4829268571807117

 updates 1423/4000 episodes, total num timesteps 14240000/40000000, FPS 374.

average episode rewards is 0.12926829733499667

 updates 1424/4000 episodes, total num timesteps 14250000/40000000, FPS 366.

average episode rewards is 0.49512193261123283

Start test...

End test...

 updates 1425/4000 episodes, total num timesteps 14260000/40000000, FPS 381.

average episode rewards is 0.004878049943505264

 updates 1426/4000 episodes, total num timesteps 14270000/40000000, FPS 380.

average episode rewards is 0.26097562836437693

 updates 1427/4000 episodes, total num timesteps 14280000/40000000, FPS 380.

average episode rewards is 0.1780487851398747

 updates 1428/4000 episodes, total num timesteps 14290000/40000000, FPS 371.

average episode rewards is 0.43902439024390244

Start test...

End test...

 updates 1429/4000 episodes, total num timesteps 14300000/40000000, FPS 423.

average episode rewards is 0.6975609383931974

 updates 1430/4000 episodes, total num timesteps 14310000/40000000, FPS 396.

average episode rewards is 0.7121951405594988

 updates 1431/4000 episodes, total num timesteps 14320000/40000000, FPS 367.

average episode rewards is -0.18292684089846728

 updates 1432/4000 episodes, total num timesteps 14330000/40000000, FPS 364.

average episode rewards is 0.4585365667575743

Start test...

End test...

 updates 1433/4000 episodes, total num timesteps 14340000/40000000, FPS 375.

average episode rewards is 0.6609756190602373

 updates 1434/4000 episodes, total num timesteps 14350000/40000000, FPS 366.

average episode rewards is 0.19268291752512862

 updates 1435/4000 episodes, total num timesteps 14360000/40000000, FPS 362.

average episode rewards is 0.5609756097560976

 updates 1436/4000 episodes, total num timesteps 14370000/40000000, FPS 368.

average episode rewards is 0.6048780301722084

Start test...

End test...

 updates 1437/4000 episodes, total num timesteps 14380000/40000000, FPS 368.

average episode rewards is 0.5365854123743569

 updates 1438/4000 episodes, total num timesteps 14390000/40000000, FPS 365.

average episode rewards is 0.6585365853658537

 updates 1439/4000 episodes, total num timesteps 14400000/40000000, FPS 365.

average episode rewards is 0.2073170731707317

 updates 1440/4000 episodes, total num timesteps 14410000/40000000, FPS 364.

average episode rewards is 0.29756097095768624

Start test...

End test...

 updates 1441/4000 episodes, total num timesteps 14420000/40000000, FPS 362.

average episode rewards is 0.32682928224889246

 updates 1442/4000 episodes, total num timesteps 14430000/40000000, FPS 367.

average episode rewards is 0.5560975423673304

 updates 1443/4000 episodes, total num timesteps 14440000/40000000, FPS 422.

average episode rewards is 0.20243905230266293

 updates 1444/4000 episodes, total num timesteps 14450000/40000000, FPS 425.

average episode rewards is 0.5365853658536586

Start test...

End test...

 updates 1445/4000 episodes, total num timesteps 14460000/40000000, FPS 362.

average episode rewards is 0.5878048408322218

 updates 1446/4000 episodes, total num timesteps 14470000/40000000, FPS 362.

average episode rewards is 0.4975609663056164

 updates 1447/4000 episodes, total num timesteps 14480000/40000000, FPS 364.

average episode rewards is 0.35853655745343466

 updates 1448/4000 episodes, total num timesteps 14490000/40000000, FPS 362.

average episode rewards is 0.665853639928306

Start test...

End test...

 updates 1449/4000 episodes, total num timesteps 14500000/40000000, FPS 372.

average episode rewards is 0.8414634146341463

 updates 1450/4000 episodes, total num timesteps 14510000/40000000, FPS 360.

average episode rewards is 0.17317072938128217

 updates 1451/4000 episodes, total num timesteps 14520000/40000000, FPS 375.

average episode rewards is -0.08780487572274558

 updates 1452/4000 episodes, total num timesteps 14530000/40000000, FPS 371.

average episode rewards is 0.7000000186082793

Start test...

End test...

 updates 1453/4000 episodes, total num timesteps 14540000/40000000, FPS 381.

average episode rewards is 0.6097560975609756

 updates 1454/4000 episodes, total num timesteps 14550000/40000000, FPS 372.

average episode rewards is 0.2097560836047661

 updates 1455/4000 episodes, total num timesteps 14560000/40000000, FPS 377.

average episode rewards is 0.41219511264707986

 updates 1456/4000 episodes, total num timesteps 14570000/40000000, FPS 378.

average episode rewards is 0.36829266897061974

Start test...

End test...

 updates 1457/4000 episodes, total num timesteps 14580000/40000000, FPS 406.

average episode rewards is 0.27073169336086367

 updates 1458/4000 episodes, total num timesteps 14590000/40000000, FPS 450.

average episode rewards is 0.34878049245694787

 updates 1459/4000 episodes, total num timesteps 14600000/40000000, FPS 425.

average episode rewards is 0.643902476240949

 updates 1460/4000 episodes, total num timesteps 14610000/40000000, FPS 399.

average episode rewards is 0.1390243855918326

Start test...

End test...

 updates 1461/4000 episodes, total num timesteps 14620000/40000000, FPS 366.

average episode rewards is 0.40487805808462746

 updates 1462/4000 episodes, total num timesteps 14630000/40000000, FPS 350.

average episode rewards is -0.06097560975609756

 updates 1463/4000 episodes, total num timesteps 14640000/40000000, FPS 358.

average episode rewards is 0.4487804785007384

 updates 1464/4000 episodes, total num timesteps 14650000/40000000, FPS 356.

average episode rewards is 0.31219512660328935

Start test...

End test...
